\BOOKMARK [0][-]{Title.0}{\376\377\000T\000i\000t\000l\000e}{}% 1
\BOOKMARK [0][-]{Acknowledgments.0}{\376\377\000A\000c\000k\000n\000o\000w\000l\000e\000d\000g\000m\000e\000n\000t\000s}{}% 2
\BOOKMARK [0][-]{Abstract.0}{\376\377\000A\000b\000s\000t\000r\000a\000c\000t}{}% 3
\BOOKMARK [0][-]{Povzetek.0}{\376\377\000P\000o\000v\000z\000e\000t\000e\000k}{}% 4
\BOOKMARK [0][-]{Contents.0}{\376\377\000C\000o\000n\000t\000e\000n\000t\000s}{}% 5
\BOOKMARK [0][-]{section*.4}{\376\377\000L\000i\000s\000t\000\040\000o\000f\000\040\000F\000i\000g\000u\000r\000e\000s}{}% 6
\BOOKMARK [0][-]{section*.5}{\376\377\000L\000i\000s\000t\000\040\000o\000f\000\040\000T\000a\000b\000l\000e\000s}{}% 7
\BOOKMARK [0][-]{section*.6}{\376\377\000L\000i\000s\000t\000\040\000o\000f\000\040\000A\000l\000g\000o\000r\000i\000t\000h\000m\000s}{}% 8
\BOOKMARK [0][-]{chapter*.8}{\376\377\000A\000b\000b\000r\000e\000v\000i\000a\000t\000i\000o\000n\000s}{}% 9
\BOOKMARK [0][-]{chapter*.9}{\376\377\000S\000y\000m\000b\000o\000l\000s}{}% 10
\BOOKMARK [0][-]{chapter*.10}{\376\377\000G\000l\000o\000s\000s\000a\000r\000y}{}% 11
\BOOKMARK [0][-]{chapter.1}{\376\377\0001\000\040\000I\000n\000t\000r\000o\000d\000u\000c\000t\000i\000o\000n}{}% 12
\BOOKMARK [1][-]{section.1.1}{\376\377\0001\000.\0001\000\040\000T\000h\000e\000s\000i\000s\000\040\000S\000t\000r\000u\000c\000t\000u\000r\000e}{chapter.1}% 13
\BOOKMARK [1][-]{section.1.2}{\376\377\0001\000.\0002\000\040\000S\000e\000c\000t\000i\000o\000n\000i\000n\000g\000\040\000E\000x\000a\000m\000p\000l\000e}{chapter.1}% 14
\BOOKMARK [2][-]{subsection.1.2.1}{\376\377\0001\000.\0002\000.\0001\000\040\000S\000u\000b\000s\000e\000c\000t\000i\000o\000n}{section.1.2}% 15
\BOOKMARK [3][-]{subsubsection.1.2.1.1}{\376\377\0001\000.\0002\000.\0001\000.\0001\000\040\000S\000u\000b\000s\000u\000b\000s\000e\000c\000t\000i\000o\000n}{subsection.1.2.1}% 16
\BOOKMARK [4][-]{paragraph.1.2.1.1.1}{\376\377\0001\000.\0002\000.\0001\000.\0001\000.\0001\000\040\000P\000a\000r\000a\000g\000r\000a\000p\000h}{subsubsection.1.2.1.1}% 17
\BOOKMARK [5][-]{subparagraph.1.2.1.1.1.1}{\376\377\0001\000.\0002\000.\0001\000.\0001\000.\0001\000.\0001\000\040\000S\000u\000b\000p\000a\000r\000a\000g\000r\000a\000p\000h}{paragraph.1.2.1.1.1}% 18
\BOOKMARK [5][-]{subparagraph.1.2.1.1.1.2}{\376\377\0001\000.\0002\000.\0001\000.\0001\000.\0001\000.\0002\000\040\000S\000u\000b\000p\000a\000r\000a\000g\000r\000a\000p\000h}{paragraph.1.2.1.1.1}% 19
\BOOKMARK [4][-]{paragraph.1.2.1.1.2}{\376\377\0001\000.\0002\000.\0001\000.\0001\000.\0002\000\040\000P\000a\000r\000a\000g\000r\000a\000p\000h}{subsubsection.1.2.1.1}% 20
\BOOKMARK [3][-]{subsubsection.1.2.1.2}{\376\377\0001\000.\0002\000.\0001\000.\0002\000\040\000S\000u\000b\000s\000u\000b\000s\000e\000c\000t\000i\000o\000n}{subsection.1.2.1}% 21
\BOOKMARK [4][-]{paragraph.1.2.1.2.1}{\376\377\0001\000.\0002\000.\0001\000.\0002\000.\0001\000\040\000P\000a\000r\000a\000g\000r\000a\000p\000h}{subsubsection.1.2.1.2}% 22
\BOOKMARK [4][-]{paragraph.1.2.1.2.2}{\376\377\0001\000.\0002\000.\0001\000.\0002\000.\0002\000\040\000P\000a\000r\000a\000g\000r\000a\000p\000h}{subsubsection.1.2.1.2}% 23
\BOOKMARK [2][-]{subsection.1.2.2}{\376\377\0001\000.\0002\000.\0002\000\040\000S\000u\000b\000s\000e\000c\000t\000i\000o\000n}{section.1.2}% 24
\BOOKMARK [3][-]{subsubsection.1.2.2.1}{\376\377\0001\000.\0002\000.\0002\000.\0001\000\040\000S\000u\000b\000s\000u\000b\000s\000e\000c\000t\000i\000o\000n}{subsection.1.2.2}% 25
\BOOKMARK [3][-]{subsubsection.1.2.2.2}{\376\377\0001\000.\0002\000.\0002\000.\0002\000\040\000S\000u\000b\000s\000u\000b\000s\000e\000c\000t\000i\000o\000n}{subsection.1.2.2}% 26
\BOOKMARK [0][-]{chapter.2}{\376\377\0002\000\040\000F\000l\000o\000a\000t\000i\000n\000g\000\040\000B\000o\000d\000i\000e\000s}{}% 27
\BOOKMARK [1][-]{section.2.1}{\376\377\0002\000.\0001\000\040\000F\000i\000g\000u\000r\000e\000s}{chapter.2}% 28
\BOOKMARK [1][-]{section.2.2}{\376\377\0002\000.\0002\000\040\000T\000a\000b\000l\000e\000s}{chapter.2}% 29
\BOOKMARK [1][-]{section.2.3}{\376\377\0002\000.\0003\000\040\000A\000l\000g\000o\000r\000i\000t\000h\000m\000s}{chapter.2}% 30
\BOOKMARK [0][-]{chapter.3}{\376\377\0003\000\040\000E\000q\000u\000a\000t\000i\000o\000n\000s\000\040\000a\000n\000d\000\040\000M\000e\000a\000s\000u\000r\000e\000m\000e\000n\000t\000\040\000U\000n\000i\000t\000s}{}% 31
\BOOKMARK [1][-]{section.3.1}{\376\377\0003\000.\0001\000\040\000E\000q\000u\000a\000t\000i\000o\000n\000s}{chapter.3}% 32
\BOOKMARK [1][-]{section.3.2}{\376\377\0003\000.\0002\000\040\000M\000e\000a\000s\000u\000r\000e\000m\000e\000n\000t\000\040\000U\000n\000i\000t\000s}{chapter.3}% 33
\BOOKMARK [0][-]{chapter.4}{\376\377\0004\000\040\000D\000e\000f\000i\000n\000i\000t\000i\000o\000n\000s\000\040\000a\000n\000d\000\040\000T\000h\000e\000o\000r\000e\000m\000s}{}% 34
\BOOKMARK [1][-]{section.4.1}{\376\377\0004\000.\0001\000\040\000D\000e\000f\000i\000n\000i\000t\000i\000o\000n\000s}{chapter.4}% 35
\BOOKMARK [1][-]{section.4.2}{\376\377\0004\000.\0002\000\040\000T\000h\000e\000o\000r\000e\000m\000s}{chapter.4}% 36
\BOOKMARK [0][-]{chapter.5}{\376\377\0005\000\040\000R\000e\000f\000e\000r\000e\000n\000c\000e\000\040\000F\000o\000r\000m\000a\000t\000t\000i\000n\000g}{}% 37
\BOOKMARK [1][-]{section.5.1}{\376\377\0005\000.\0001\000\040\000I\000E\000E\000E}{chapter.5}% 38
\BOOKMARK [1][-]{section.5.2}{\376\377\0005\000.\0002\000\040\000A\000P\000A\000\040\0006\000t\000h\000\040\000E\000d\000i\000t\000i\000o\000n}{chapter.5}% 39
\BOOKMARK [0][-]{chapter.6}{\376\377\0006\000\040\000C\000o\000n\000c\000l\000u\000s\000i\000o\000n\000s}{}% 40
\BOOKMARK [0][-]{appendix.1.A}{\376\377\000A\000p\000p\000e\000n\000d\000i\000x\000\040\000A\000\040\000P\000r\000o\000o\000f\000s\000\040\000o\000f\000\040\000T\000h\000e\000o\000r\000e\000m\000s}{}% 41
\BOOKMARK [1][-]{section.1.A.1}{\376\377\000A\000.\0001\000\040\000P\000r\000o\000o\000f\000\040\000o\000f\000\040\000t\000h\000e\000\040\000P\000y\000t\000h\000a\000g\000o\000r\000e\000a\000n\000\040\000T\000h\000e\000o\000r\000e\000m}{appendix.1.A}% 42
\BOOKMARK [0][-]{section*.11}{\376\377\000R\000e\000f\000e\000r\000e\000n\000c\000e\000s}{}% 43
\BOOKMARK [0][-]{appendix*.13}{\376\377\000B\000i\000b\000l\000i\000o\000g\000r\000a\000p\000h\000y}{}% 44
\BOOKMARK [0][-]{appendix*.18}{\376\377\000B\000i\000o\000g\000r\000a\000p\000h\000y}{}% 45
\BOOKMARK [0][-]{section*.19}{\376\377\000I\000n\000d\000e\000x}{}% 46
